Temp/gradleOut/unityLibrary/build/intermediates/manifest_merge_blame_file/release/manifest-merger-blame-release-report.txt
1<?xml version="1.0" encoding="utf-8"?>
2<!-- GENERATED BY UNITY. REMOVE THIS COMMENT TO PREVENT OVERWRITING WHEN EXPORTING AGAIN -->
3<manifest xmlns:android="http://schemas.android.com/apk/res/android"
4    xmlns:tools="http://schemas.android.com/tools"
5    package="com.unity3d.player"
6    android:versionCode="1"
7    android:versionName="1.0" >
8
9    <uses-sdk
10        android:minSdkVersion="19"
10-->src\main\AndroidManifest.xml
11        android:targetSdkVersion="29" />
11-->src\main\AndroidManifest.xml
12
13    <uses-feature android:glEsVersion="0x00030000" />
13-->src\main\AndroidManifest.xml:18:3-52
13-->src\main\AndroidManifest.xml:18:17-49
14    <uses-feature
14-->src\main\AndroidManifest.xml:19:3-91
15        android:name="android.hardware.vulkan.version"
15-->src\main\AndroidManifest.xml:19:17-63
16        android:required="false" />
16-->src\main\AndroidManifest.xml:19:64-88
17
18    <uses-permission android:name="android.permission.INTERNET" />
18-->src\main\AndroidManifest.xml:20:3-65
18-->src\main\AndroidManifest.xml:20:20-62
19    <uses-permission android:name="android.permission.VIBRATE" />
19-->src\main\AndroidManifest.xml:21:3-64
19-->src\main\AndroidManifest.xml:21:20-61
20
21    <uses-feature
21-->src\main\AndroidManifest.xml:22:3-88
22        android:name="android.hardware.touchscreen"
22-->src\main\AndroidManifest.xml:22:17-60
23        android:required="false" />
23-->src\main\AndroidManifest.xml:22:61-85
24    <uses-feature
24-->src\main\AndroidManifest.xml:23:3-99
25        android:name="android.hardware.touchscreen.multitouch"
25-->src\main\AndroidManifest.xml:23:17-71
26        android:required="false" />
26-->src\main\AndroidManifest.xml:23:72-96
27    <uses-feature
27-->src\main\AndroidManifest.xml:24:3-108
28        android:name="android.hardware.touchscreen.multitouch.distinct"
28-->src\main\AndroidManifest.xml:24:17-80
29        android:required="false" />
29-->src\main\AndroidManifest.xml:24:81-105
30
31    <application>
31-->src\main\AndroidManifest.xml:4:3-17:17
32        <activity
32-->src\main\AndroidManifest.xml:5:5-12:16
33            android:name="com.unity3d.player.UnityPlayerActivity"
33-->src\main\AndroidManifest.xml:5:15-68
34            android:configChanges="mcc|mnc|locale|touchscreen|keyboard|keyboardHidden|navigation|orientation|screenLayout|uiMode|screenSize|smallestScreenSize|fontScale|layoutDirection|density"
34-->src\main\AndroidManifest.xml:5:182-363
35            android:hardwareAccelerated="false"
35-->src\main\AndroidManifest.xml:5:364-399
36            android:launchMode="singleTask"
36-->src\main\AndroidManifest.xml:5:150-181
37            android:screenOrientation="fullSensor"
37-->src\main\AndroidManifest.xml:5:111-149
38            android:theme="@style/UnityThemeSelector" >
38-->src\main\AndroidManifest.xml:5:69-110
39            <intent-filter>
39-->src\main\AndroidManifest.xml:6:7-9:23
40                <action android:name="android.intent.action.MAIN" />
40-->src\main\AndroidManifest.xml:7:9-61
40-->src\main\AndroidManifest.xml:7:17-58
41
42                <category android:name="android.intent.category.LAUNCHER" />
42-->src\main\AndroidManifest.xml:8:9-69
42-->src\main\AndroidManifest.xml:8:19-66
43            </intent-filter>
44
45            <meta-data
45-->src\main\AndroidManifest.xml:10:7-82
46                android:name="unityplayer.UnityActivity"
46-->src\main\AndroidManifest.xml:10:18-58
47                android:value="true" />
47-->src\main\AndroidManifest.xml:10:59-79
48            <meta-data
48-->src\main\AndroidManifest.xml:11:7-78
49                android:name="android.notch_support"
49-->src\main\AndroidManifest.xml:11:18-54
50                android:value="true" />
50-->src\main\AndroidManifest.xml:11:55-75
51        </activity>
52
53        <meta-data
53-->src\main\AndroidManifest.xml:13:5-69
54            android:name="unity.splash-mode"
54-->src\main\AndroidManifest.xml:13:16-48
55            android:value="0" />
55-->src\main\AndroidManifest.xml:13:49-66
56        <meta-data
56-->src\main\AndroidManifest.xml:14:5-74
57            android:name="unity.splash-enable"
57-->src\main\AndroidManifest.xml:14:16-50
58            android:value="True" />
58-->src\main\AndroidManifest.xml:14:51-71
59        <meta-data
59-->src\main\AndroidManifest.xml:15:5-81
60            android:name="notch.config"
60-->src\main\AndroidManifest.xml:15:16-43
61            android:value="portrait|landscape" />
61-->src\main\AndroidManifest.xml:15:44-78
62        <meta-data
62-->src\main\AndroidManifest.xml:16:5-101
63            android:name="unity.build-id"
63-->src\main\AndroidManifest.xml:16:16-45
64            android:value="938cc7a7-ff39-4de6-9309-9454116e3aae" />
64-->src\main\AndroidManifest.xml:16:46-98
65    </application>
66
67</manifest>